<?xml version="1.0" encoding="UTF-8"?>
<coverage generated="1500649732">
  <project timestamp="1500649732">
    <file name="C:\Users\Bastian Erler\Documents\workspace\CI_testing_tut\application/controllers/Auth.php">
      <class name="Auth" namespace="global">
        <metrics methods="16" coveredmethods="2" conditionals="0" coveredconditionals="0" statements="370" coveredstatements="20" elements="386" coveredelements="22"/>
      </class>
      <line num="5" type="method" name="__construct" crap="1" count="2"/>
      <line num="7" type="stmt" count="2"/>
      <line num="8" type="stmt" count="2"/>
      <line num="9" type="stmt" count="2"/>
      <line num="10" type="stmt" count="2"/>
      <line num="12" type="stmt" count="2"/>
      <line num="14" type="stmt" count="2"/>
      <line num="15" type="stmt" count="2"/>
      <line num="18" type="method" name="index" crap="5.03" count="2"/>
      <line num="21" type="stmt" count="2"/>
      <line num="24" type="stmt" count="1"/>
      <line num="26" type="stmt" count="1"/>
      <line num="29" type="stmt" count="0"/>
      <line num="34" type="stmt" count="1"/>
      <line num="37" type="stmt" count="1"/>
      <line num="38" type="stmt" count="1"/>
      <line num="40" type="stmt" count="1"/>
      <line num="43" type="stmt" count="1"/>
      <line num="45" type="stmt" count="1"/>
      <line num="48" type="method" name="login" crap="20" count="0"/>
      <line num="50" type="stmt" count="0"/>
      <line num="53" type="stmt" count="0"/>
      <line num="54" type="stmt" count="0"/>
      <line num="56" type="stmt" count="0"/>
      <line num="60" type="stmt" count="0"/>
      <line num="62" type="stmt" count="0"/>
      <line num="66" type="stmt" count="0"/>
      <line num="67" type="stmt" count="0"/>
      <line num="73" type="stmt" count="0"/>
      <line num="74" type="stmt" count="0"/>
      <line num="81" type="stmt" count="0"/>
      <line num="83" type="stmt" count="0"/>
      <line num="84" type="stmt" count="0"/>
      <line num="85" type="stmt" count="0"/>
      <line num="86" type="stmt" count="0"/>
      <line num="88" type="stmt" count="0"/>
      <line num="93" type="stmt" count="0"/>
      <line num="95" type="stmt" count="0"/>
      <line num="98" type="method" name="logout" crap="2" count="0"/>
      <line num="100" type="stmt" count="0"/>
      <line num="103" type="stmt" count="0"/>
      <line num="106" type="stmt" count="0"/>
      <line num="107" type="stmt" count="0"/>
      <line num="108" type="stmt" count="0"/>
      <line num="111" type="method" name="change_password" crap="30" count="0"/>
      <line num="113" type="stmt" count="0"/>
      <line num="114" type="stmt" count="0"/>
      <line num="115" type="stmt" count="0"/>
      <line num="117" type="stmt" count="0"/>
      <line num="119" type="stmt" count="0"/>
      <line num="122" type="stmt" count="0"/>
      <line num="124" type="stmt" count="0"/>
      <line num="128" type="stmt" count="0"/>
      <line num="130" type="stmt" count="0"/>
      <line num="131" type="stmt" count="0"/>
      <line num="136" type="stmt" count="0"/>
      <line num="137" type="stmt" count="0"/>
      <line num="138" type="stmt" count="0"/>
      <line num="139" type="stmt" count="0"/>
      <line num="140" type="stmt" count="0"/>
      <line num="142" type="stmt" count="0"/>
      <line num="143" type="stmt" count="0"/>
      <line num="144" type="stmt" count="0"/>
      <line num="145" type="stmt" count="0"/>
      <line num="146" type="stmt" count="0"/>
      <line num="148" type="stmt" count="0"/>
      <line num="149" type="stmt" count="0"/>
      <line num="150" type="stmt" count="0"/>
      <line num="151" type="stmt" count="0"/>
      <line num="152" type="stmt" count="0"/>
      <line num="156" type="stmt" count="0"/>
      <line num="160" type="stmt" count="0"/>
      <line num="162" type="stmt" count="0"/>
      <line num="164" type="stmt" count="0"/>
      <line num="167" type="stmt" count="0"/>
      <line num="168" type="stmt" count="0"/>
      <line num="172" type="stmt" count="0"/>
      <line num="173" type="stmt" count="0"/>
      <line num="176" type="stmt" count="0"/>
      <line num="179" type="method" name="forgot_password" crap="72" count="0"/>
      <line num="182" type="stmt" count="0"/>
      <line num="184" type="stmt" count="0"/>
      <line num="188" type="stmt" count="0"/>
      <line num="192" type="stmt" count="0"/>
      <line num="194" type="stmt" count="0"/>
      <line num="196" type="stmt" count="0"/>
      <line num="200" type="stmt" count="0"/>
      <line num="201" type="stmt" count="0"/>
      <line num="205" type="stmt" count="0"/>
      <line num="209" type="stmt" count="0"/>
      <line num="210" type="stmt" count="0"/>
      <line num="214" type="stmt" count="0"/>
      <line num="215" type="stmt" count="0"/>
      <line num="217" type="stmt" count="0"/>
      <line num="219" type="stmt" count="0"/>
      <line num="221" type="stmt" count="0"/>
      <line num="225" type="stmt" count="0"/>
      <line num="228" type="stmt" count="0"/>
      <line num="229" type="stmt" count="0"/>
      <line num="233" type="stmt" count="0"/>
      <line num="235" type="stmt" count="0"/>
      <line num="238" type="stmt" count="0"/>
      <line num="239" type="stmt" count="0"/>
      <line num="243" type="stmt" count="0"/>
      <line num="244" type="stmt" count="0"/>
      <line num="247" type="stmt" count="0"/>
      <line num="250" type="method" name="reset_password" crap="72" count="0"/>
      <line num="252" type="stmt" count="0"/>
      <line num="254" type="stmt" count="0"/>
      <line num="257" type="stmt" count="0"/>
      <line num="259" type="stmt" count="0"/>
      <line num="263" type="stmt" count="0"/>
      <line num="264" type="stmt" count="0"/>
      <line num="266" type="stmt" count="0"/>
      <line num="271" type="stmt" count="0"/>
      <line num="273" type="stmt" count="0"/>
      <line num="274" type="stmt" count="0"/>
      <line num="275" type="stmt" count="0"/>
      <line num="276" type="stmt" count="0"/>
      <line num="277" type="stmt" count="0"/>
      <line num="278" type="stmt" count="0"/>
      <line num="280" type="stmt" count="0"/>
      <line num="281" type="stmt" count="0"/>
      <line num="282" type="stmt" count="0"/>
      <line num="283" type="stmt" count="0"/>
      <line num="284" type="stmt" count="0"/>
      <line num="286" type="stmt" count="0"/>
      <line num="287" type="stmt" count="0"/>
      <line num="288" type="stmt" count="0"/>
      <line num="289" type="stmt" count="0"/>
      <line num="290" type="stmt" count="0"/>
      <line num="292" type="stmt" count="0"/>
      <line num="293" type="stmt" count="0"/>
      <line num="296" type="stmt" count="0"/>
      <line num="301" type="stmt" count="0"/>
      <line num="305" type="stmt" count="0"/>
      <line num="307" type="stmt" count="0"/>
      <line num="313" type="stmt" count="0"/>
      <line num="315" type="stmt" count="0"/>
      <line num="317" type="stmt" count="0"/>
      <line num="320" type="stmt" count="0"/>
      <line num="321" type="stmt" count="0"/>
      <line num="325" type="stmt" count="0"/>
      <line num="326" type="stmt" count="0"/>
      <line num="334" type="stmt" count="0"/>
      <line num="335" type="stmt" count="0"/>
      <line num="337" type="stmt" count="0"/>
      <line num="341" type="method" name="activate" crap="20" count="0"/>
      <line num="343" type="stmt" count="0"/>
      <line num="345" type="stmt" count="0"/>
      <line num="347" type="stmt" count="0"/>
      <line num="349" type="stmt" count="0"/>
      <line num="352" type="stmt" count="0"/>
      <line num="355" type="stmt" count="0"/>
      <line num="356" type="stmt" count="0"/>
      <line num="361" type="stmt" count="0"/>
      <line num="362" type="stmt" count="0"/>
      <line num="364" type="stmt" count="0"/>
      <line num="367" type="method" name="deactivate" crap="90" count="0"/>
      <line num="369" type="stmt" count="0"/>
      <line num="372" type="stmt" count="0"/>
      <line num="375" type="stmt" count="0"/>
      <line num="377" type="stmt" count="0"/>
      <line num="378" type="stmt" count="0"/>
      <line num="379" type="stmt" count="0"/>
      <line num="381" type="stmt" count="0"/>
      <line num="384" type="stmt" count="0"/>
      <line num="385" type="stmt" count="0"/>
      <line num="387" type="stmt" count="0"/>
      <line num="392" type="stmt" count="0"/>
      <line num="395" type="stmt" count="0"/>
      <line num="397" type="stmt" count="0"/>
      <line num="401" type="stmt" count="0"/>
      <line num="403" type="stmt" count="0"/>
      <line num="408" type="stmt" count="0"/>
      <line num="410" type="stmt" count="0"/>
      <line num="413" type="method" name="create_user" crap="110" count="0"/>
      <line num="415" type="stmt" count="0"/>
      <line num="417" type="stmt" count="0"/>
      <line num="419" type="stmt" count="0"/>
      <line num="422" type="stmt" count="0"/>
      <line num="423" type="stmt" count="0"/>
      <line num="424" type="stmt" count="0"/>
      <line num="427" type="stmt" count="0"/>
      <line num="428" type="stmt" count="0"/>
      <line num="429" type="stmt" count="0"/>
      <line num="431" type="stmt" count="0"/>
      <line num="432" type="stmt" count="0"/>
      <line num="436" type="stmt" count="0"/>
      <line num="438" type="stmt" count="0"/>
      <line num="439" type="stmt" count="0"/>
      <line num="440" type="stmt" count="0"/>
      <line num="441" type="stmt" count="0"/>
      <line num="443" type="stmt" count="0"/>
      <line num="445" type="stmt" count="0"/>
      <line num="446" type="stmt" count="0"/>
      <line num="447" type="stmt" count="0"/>
      <line num="450" type="stmt" count="0"/>
      <line num="451" type="stmt" count="0"/>
      <line num="452" type="stmt" count="0"/>
      <line num="453" type="stmt" count="0"/>
      <line num="456" type="stmt" count="0"/>
      <line num="460" type="stmt" count="0"/>
      <line num="461" type="stmt" count="0"/>
      <line num="467" type="stmt" count="0"/>
      <line num="469" type="stmt" count="0"/>
      <line num="470" type="stmt" count="0"/>
      <line num="471" type="stmt" count="0"/>
      <line num="472" type="stmt" count="0"/>
      <line num="473" type="stmt" count="0"/>
      <line num="475" type="stmt" count="0"/>
      <line num="476" type="stmt" count="0"/>
      <line num="477" type="stmt" count="0"/>
      <line num="478" type="stmt" count="0"/>
      <line num="479" type="stmt" count="0"/>
      <line num="481" type="stmt" count="0"/>
      <line num="482" type="stmt" count="0"/>
      <line num="483" type="stmt" count="0"/>
      <line num="484" type="stmt" count="0"/>
      <line num="485" type="stmt" count="0"/>
      <line num="487" type="stmt" count="0"/>
      <line num="488" type="stmt" count="0"/>
      <line num="489" type="stmt" count="0"/>
      <line num="490" type="stmt" count="0"/>
      <line num="491" type="stmt" count="0"/>
      <line num="493" type="stmt" count="0"/>
      <line num="494" type="stmt" count="0"/>
      <line num="495" type="stmt" count="0"/>
      <line num="496" type="stmt" count="0"/>
      <line num="497" type="stmt" count="0"/>
      <line num="499" type="stmt" count="0"/>
      <line num="500" type="stmt" count="0"/>
      <line num="501" type="stmt" count="0"/>
      <line num="502" type="stmt" count="0"/>
      <line num="503" type="stmt" count="0"/>
      <line num="505" type="stmt" count="0"/>
      <line num="506" type="stmt" count="0"/>
      <line num="507" type="stmt" count="0"/>
      <line num="508" type="stmt" count="0"/>
      <line num="509" type="stmt" count="0"/>
      <line num="511" type="stmt" count="0"/>
      <line num="512" type="stmt" count="0"/>
      <line num="513" type="stmt" count="0"/>
      <line num="514" type="stmt" count="0"/>
      <line num="515" type="stmt" count="0"/>
      <line num="518" type="stmt" count="0"/>
      <line num="520" type="stmt" count="0"/>
      <line num="523" type="method" name="edit_user" crap="420" count="0"/>
      <line num="525" type="stmt" count="0"/>
      <line num="527" type="stmt" count="0"/>
      <line num="529" type="stmt" count="0"/>
      <line num="532" type="stmt" count="0"/>
      <line num="533" type="stmt" count="0"/>
      <line num="534" type="stmt" count="0"/>
      <line num="537" type="stmt" count="0"/>
      <line num="538" type="stmt" count="0"/>
      <line num="539" type="stmt" count="0"/>
      <line num="540" type="stmt" count="0"/>
      <line num="542" type="stmt" count="0"/>
      <line num="545" type="stmt" count="0"/>
      <line num="547" type="stmt" count="0"/>
      <line num="551" type="stmt" count="0"/>
      <line num="553" type="stmt" count="0"/>
      <line num="554" type="stmt" count="0"/>
      <line num="557" type="stmt" count="0"/>
      <line num="560" type="stmt" count="0"/>
      <line num="561" type="stmt" count="0"/>
      <line num="562" type="stmt" count="0"/>
      <line num="563" type="stmt" count="0"/>
      <line num="567" type="stmt" count="0"/>
      <line num="569" type="stmt" count="0"/>
      <line num="575" type="stmt" count="0"/>
      <line num="578" type="stmt" count="0"/>
      <line num="580" type="stmt" count="0"/>
      <line num="582" type="stmt" count="0"/>
      <line num="584" type="stmt" count="0"/>
      <line num="585" type="stmt" count="0"/>
      <line num="592" type="stmt" count="0"/>
      <line num="595" type="stmt" count="0"/>
      <line num="596" type="stmt" count="0"/>
      <line num="598" type="stmt" count="0"/>
      <line num="602" type="stmt" count="0"/>
      <line num="609" type="stmt" count="0"/>
      <line num="610" type="stmt" count="0"/>
      <line num="612" type="stmt" count="0"/>
      <line num="616" type="stmt" count="0"/>
      <line num="625" type="stmt" count="0"/>
      <line num="628" type="stmt" count="0"/>
      <line num="631" type="stmt" count="0"/>
      <line num="632" type="stmt" count="0"/>
      <line num="633" type="stmt" count="0"/>
      <line num="635" type="stmt" count="0"/>
      <line num="636" type="stmt" count="0"/>
      <line num="637" type="stmt" count="0"/>
      <line num="638" type="stmt" count="0"/>
      <line num="639" type="stmt" count="0"/>
      <line num="641" type="stmt" count="0"/>
      <line num="642" type="stmt" count="0"/>
      <line num="643" type="stmt" count="0"/>
      <line num="644" type="stmt" count="0"/>
      <line num="645" type="stmt" count="0"/>
      <line num="647" type="stmt" count="0"/>
      <line num="648" type="stmt" count="0"/>
      <line num="649" type="stmt" count="0"/>
      <line num="650" type="stmt" count="0"/>
      <line num="651" type="stmt" count="0"/>
      <line num="653" type="stmt" count="0"/>
      <line num="654" type="stmt" count="0"/>
      <line num="655" type="stmt" count="0"/>
      <line num="656" type="stmt" count="0"/>
      <line num="657" type="stmt" count="0"/>
      <line num="659" type="stmt" count="0"/>
      <line num="664" type="stmt" count="0"/>
      <line num="670" type="stmt" count="0"/>
      <line num="671" type="stmt" count="0"/>
      <line num="674" type="method" name="create_group" crap="56" count="0"/>
      <line num="676" type="stmt" count="0"/>
      <line num="678" type="stmt" count="0"/>
      <line num="680" type="stmt" count="0"/>
      <line num="684" type="stmt" count="0"/>
      <line num="686" type="stmt" count="0"/>
      <line num="688" type="stmt" count="0"/>
      <line num="689" type="stmt" count="0"/>
      <line num="693" type="stmt" count="0"/>
      <line num="694" type="stmt" count="0"/>
      <line num="701" type="stmt" count="0"/>
      <line num="703" type="stmt" count="0"/>
      <line num="704" type="stmt" count="0"/>
      <line num="705" type="stmt" count="0"/>
      <line num="706" type="stmt" count="0"/>
      <line num="707" type="stmt" count="0"/>
      <line num="709" type="stmt" count="0"/>
      <line num="710" type="stmt" count="0"/>
      <line num="711" type="stmt" count="0"/>
      <line num="712" type="stmt" count="0"/>
      <line num="713" type="stmt" count="0"/>
      <line num="716" type="stmt" count="0"/>
      <line num="718" type="stmt" count="0"/>
      <line num="721" type="method" name="edit_group" crap="156" count="0"/>
      <line num="724" type="stmt" count="0"/>
      <line num="726" type="stmt" count="0"/>
      <line num="729" type="stmt" count="0"/>
      <line num="731" type="stmt" count="0"/>
      <line num="733" type="stmt" count="0"/>
      <line num="736" type="stmt" count="0"/>
      <line num="739" type="stmt" count="0"/>
      <line num="741" type="stmt" count="0"/>
      <line num="743" type="stmt" count="0"/>
      <line num="745" type="stmt" count="0"/>
      <line num="747" type="stmt" count="0"/>
      <line num="749" type="stmt" count="0"/>
      <line num="753" type="stmt" count="0"/>
      <line num="755" type="stmt" count="0"/>
      <line num="760" type="stmt" count="0"/>
      <line num="763" type="stmt" count="0"/>
      <line num="765" type="stmt" count="0"/>
      <line num="767" type="stmt" count="0"/>
      <line num="768" type="stmt" count="0"/>
      <line num="769" type="stmt" count="0"/>
      <line num="770" type="stmt" count="0"/>
      <line num="771" type="stmt" count="0"/>
      <line num="772" type="stmt" count="0"/>
      <line num="774" type="stmt" count="0"/>
      <line num="775" type="stmt" count="0"/>
      <line num="776" type="stmt" count="0"/>
      <line num="777" type="stmt" count="0"/>
      <line num="778" type="stmt" count="0"/>
      <line num="781" type="stmt" count="0"/>
      <line num="782" type="stmt" count="0"/>
      <line num="785" type="method" name="_get_csrf_nonce" crap="2" count="0"/>
      <line num="787" type="stmt" count="0"/>
      <line num="788" type="stmt" count="0"/>
      <line num="789" type="stmt" count="0"/>
      <line num="790" type="stmt" count="0"/>
      <line num="791" type="stmt" count="0"/>
      <line num="793" type="stmt" count="0"/>
      <line num="796" type="method" name="_valid_csrf_nonce" crap="12" count="0"/>
      <line num="798" type="stmt" count="0"/>
      <line num="799" type="stmt" count="0"/>
      <line num="801" type="stmt" count="0"/>
      <line num="805" type="stmt" count="0"/>
      <line num="809" type="method" name="_render_page" crap="3" count="1"/>
      <line num="812" type="stmt" count="1"/>
      <line num="814" type="stmt" count="1"/>
      <line num="816" type="stmt" count="1"/>
      <line num="817" type="stmt" count="1"/>
      <metrics loc="819" ncloc="651" classes="1" methods="16" coveredmethods="2" conditionals="0" coveredconditionals="0" statements="370" coveredstatements="20" elements="386" coveredelements="22"/>
    </file>
    <file name="C:\Users\Bastian Erler\Documents\workspace\CI_testing_tut\application/controllers/News.php">
      <class name="News" namespace="global">
        <metrics methods="4" coveredmethods="4" conditionals="0" coveredconditionals="0" statements="30" coveredstatements="30" elements="34" coveredelements="34"/>
      </class>
      <line num="11" type="method" name="__construct" crap="1" count="6"/>
      <line num="13" type="stmt" count="6"/>
      <line num="14" type="stmt" count="6"/>
      <line num="15" type="stmt" count="6"/>
      <line num="16" type="stmt" count="6"/>
      <line num="18" type="method" name="index" crap="1" count="2"/>
      <line num="20" type="stmt" count="2"/>
      <line num="21" type="stmt" count="2"/>
      <line num="23" type="stmt" count="2"/>
      <line num="24" type="stmt" count="2"/>
      <line num="25" type="stmt" count="2"/>
      <line num="26" type="stmt" count="2"/>
      <line num="28" type="method" name="view" crap="2" count="2"/>
      <line num="30" type="stmt" count="2"/>
      <line num="31" type="stmt" count="2"/>
      <line num="32" type="stmt" count="1"/>
      <line num="35" type="stmt" count="1"/>
      <line num="37" type="stmt" count="1"/>
      <line num="38" type="stmt" count="1"/>
      <line num="39" type="stmt" count="1"/>
      <line num="40" type="stmt" count="1"/>
      <line num="42" type="method" name="create" crap="2" count="2"/>
      <line num="44" type="stmt" count="2"/>
      <line num="45" type="stmt" count="2"/>
      <line num="47" type="stmt" count="2"/>
      <line num="49" type="stmt" count="2"/>
      <line num="50" type="stmt" count="2"/>
      <line num="52" type="stmt" count="2"/>
      <line num="53" type="stmt" count="1"/>
      <line num="54" type="stmt" count="1"/>
      <line num="55" type="stmt" count="1"/>
      <line num="57" type="stmt" count="1"/>
      <line num="58" type="stmt" count="1"/>
      <line num="60" type="stmt" count="2"/>
      <metrics loc="60" ncloc="54" classes="1" methods="4" coveredmethods="4" conditionals="0" coveredconditionals="0" statements="30" coveredstatements="30" elements="34" coveredelements="34"/>
    </file>
    <file name="C:\Users\Bastian Erler\Documents\workspace\CI_testing_tut\application/controllers/Pages.php">
      <class name="Pages" namespace="global">
        <metrics methods="1" coveredmethods="1" conditionals="0" coveredconditionals="0" statements="7" coveredstatements="7" elements="8" coveredelements="8"/>
      </class>
      <line num="10" type="method" name="view" crap="2" count="3"/>
      <line num="12" type="stmt" count="3"/>
      <line num="15" type="stmt" count="1"/>
      <line num="18" type="stmt" count="2"/>
      <line num="20" type="stmt" count="2"/>
      <line num="21" type="stmt" count="2"/>
      <line num="22" type="stmt" count="2"/>
      <line num="23" type="stmt" count="2"/>
      <metrics loc="23" ncloc="13" classes="1" methods="1" coveredmethods="1" conditionals="0" coveredconditionals="0" statements="7" coveredstatements="7" elements="8" coveredelements="8"/>
    </file>
    <file name="C:\Users\Bastian Erler\Documents\workspace\CI_testing_tut\application/controllers/Welcome.php">
      <class name="Welcome" namespace="global">
        <metrics methods="1" coveredmethods="1" conditionals="0" coveredconditionals="0" statements="2" coveredstatements="2" elements="3" coveredelements="3"/>
      </class>
      <line num="21" type="method" name="index" crap="1" count="1"/>
      <line num="23" type="stmt" count="1"/>
      <line num="24" type="stmt" count="1"/>
      <metrics loc="25" ncloc="10" classes="1" methods="1" coveredmethods="1" conditionals="0" coveredconditionals="0" statements="2" coveredstatements="2" elements="3" coveredelements="3"/>
    </file>
    <file name="C:\Users\Bastian Erler\Documents\workspace\CI_testing_tut\application/libraries/Bcrypt.php">
      <class name="Bcrypt" namespace="global">
        <metrics methods="7" coveredmethods="0" conditionals="0" coveredconditionals="0" statements="69" coveredstatements="4" elements="76" coveredelements="4"/>
      </class>
      <line num="14" type="method" name="__construct" crap="2.03" count="2"/>
      <line num="16" type="stmt" count="2"/>
      <line num="17" type="stmt" count="0"/>
      <line num="20" type="stmt" count="2"/>
      <line num="21" type="stmt" count="2"/>
      <line num="22" type="stmt" count="2"/>
      <line num="24" type="method" name="hash" crap="6" count="0"/>
      <line num="25" type="stmt" count="0"/>
      <line num="27" type="stmt" count="0"/>
      <line num="28" type="stmt" count="0"/>
      <line num="31" type="stmt" count="0"/>
      <line num="39" type="method" name="verify" crap="2" count="0"/>
      <line num="40" type="stmt" count="0"/>
      <line num="41" type="stmt" count="0"/>
      <line num="52" type="method" name="hashEquals" crap="42" count="0"/>
      <line num="55" type="stmt" count="0"/>
      <line num="57" type="stmt" count="0"/>
      <line num="62" type="stmt" count="0"/>
      <line num="64" type="stmt" count="0"/>
      <line num="65" type="stmt" count="0"/>
      <line num="67" type="stmt" count="0"/>
      <line num="69" type="stmt" count="0"/>
      <line num="70" type="stmt" count="0"/>
      <line num="72" type="stmt" count="0"/>
      <line num="74" type="stmt" count="0"/>
      <line num="77" type="stmt" count="0"/>
      <line num="78" type="stmt" count="0"/>
      <line num="80" type="stmt" count="0"/>
      <line num="83" type="stmt" count="0"/>
      <line num="86" type="method" name="getSalt" crap="2" count="0"/>
      <line num="87" type="stmt" count="0"/>
      <line num="89" type="stmt" count="0"/>
      <line num="91" type="stmt" count="0"/>
      <line num="93" type="stmt" count="0"/>
      <line num="103" type="method" name="getRandomBytes" crap="132" count="0"/>
      <line num="104" type="stmt" count="0"/>
      <line num="106" type="stmt" count="0"/>
      <line num="107" type="stmt" count="0"/>
      <line num="108" type="stmt" count="0"/>
      <line num="111" type="stmt" count="0"/>
      <line num="112" type="stmt" count="0"/>
      <line num="113" type="stmt" count="0"/>
      <line num="114" type="stmt" count="0"/>
      <line num="117" type="stmt" count="0"/>
      <line num="118" type="stmt" count="0"/>
      <line num="120" type="stmt" count="0"/>
      <line num="121" type="stmt" count="0"/>
      <line num="122" type="stmt" count="0"/>
      <line num="123" type="stmt" count="0"/>
      <line num="127" type="stmt" count="0"/>
      <line num="128" type="stmt" count="0"/>
      <line num="130" type="stmt" count="0"/>
      <line num="131" type="stmt" count="0"/>
      <line num="133" type="stmt" count="0"/>
      <line num="137" type="stmt" count="0"/>
      <line num="140" type="stmt" count="0"/>
      <line num="147" type="method" name="encodeBytes" crap="12" count="0"/>
      <line num="149" type="stmt" count="0"/>
      <line num="151" type="stmt" count="0"/>
      <line num="152" type="stmt" count="0"/>
      <line num="154" type="stmt" count="0"/>
      <line num="155" type="stmt" count="0"/>
      <line num="156" type="stmt" count="0"/>
      <line num="157" type="stmt" count="0"/>
      <line num="158" type="stmt" count="0"/>
      <line num="159" type="stmt" count="0"/>
      <line num="162" type="stmt" count="0"/>
      <line num="163" type="stmt" count="0"/>
      <line num="164" type="stmt" count="0"/>
      <line num="165" type="stmt" count="0"/>
      <line num="167" type="stmt" count="0"/>
      <line num="168" type="stmt" count="0"/>
      <line num="169" type="stmt" count="0"/>
      <line num="170" type="stmt" count="0"/>
      <line num="171" type="stmt" count="0"/>
      <line num="173" type="stmt" count="0"/>
      <metrics loc="178" ncloc="140" classes="1" methods="7" coveredmethods="0" conditionals="0" coveredconditionals="0" statements="69" coveredstatements="4" elements="76" coveredelements="4"/>
    </file>
    <file name="C:\Users\Bastian Erler\Documents\workspace\CI_testing_tut\application/libraries/Ion_auth.php">
      <class name="Ion_auth" namespace="global" fullPackage="Ion">
        <metrics methods="12" coveredmethods="1" conditionals="0" coveredconditionals="0" statements="174" coveredstatements="20" elements="186" coveredelements="21"/>
      </class>
      <line num="57" type="method" name="__construct" crap="4.01" count="2"/>
      <line num="59" type="stmt" count="2"/>
      <line num="60" type="stmt" count="2"/>
      <line num="61" type="stmt" count="2"/>
      <line num="62" type="stmt" count="2"/>
      <line num="64" type="stmt" count="2"/>
      <line num="66" type="stmt" count="2"/>
      <line num="68" type="stmt" count="2"/>
      <line num="70" type="stmt" count="2"/>
      <line num="72" type="stmt" count="2"/>
      <line num="74" type="stmt" count="0"/>
      <line num="77" type="stmt" count="2"/>
      <line num="78" type="stmt" count="2"/>
      <line num="90" type="method" name="__call" crap="5.26" count="1"/>
      <line num="92" type="stmt" count="1"/>
      <line num="94" type="stmt" count="0"/>
      <line num="96" type="stmt" count="1"/>
      <line num="98" type="stmt" count="0"/>
      <line num="100" type="stmt" count="1"/>
      <line num="102" type="stmt" count="0"/>
      <line num="104" type="stmt" count="1"/>
      <line num="118" type="method" name="__get" crap="1" count="2"/>
      <line num="120" type="stmt" count="2"/>
      <line num="131" type="method" name="forgotten_password" crap="30" count="0"/>
      <line num="133" type="stmt" count="0"/>
      <line num="136" type="stmt" count="0"/>
      <line num="137" type="stmt" count="0"/>
      <line num="139" type="stmt" count="0"/>
      <line num="142" type="stmt" count="0"/>
      <line num="143" type="stmt" count="0"/>
      <line num="146" type="stmt" count="0"/>
      <line num="148" type="stmt" count="0"/>
      <line num="149" type="stmt" count="0"/>
      <line num="153" type="stmt" count="0"/>
      <line num="154" type="stmt" count="0"/>
      <line num="155" type="stmt" count="0"/>
      <line num="156" type="stmt" count="0"/>
      <line num="157" type="stmt" count="0"/>
      <line num="158" type="stmt" count="0"/>
      <line num="160" type="stmt" count="0"/>
      <line num="162" type="stmt" count="0"/>
      <line num="163" type="stmt" count="0"/>
      <line num="167" type="stmt" count="0"/>
      <line num="168" type="stmt" count="0"/>
      <line num="174" type="stmt" count="0"/>
      <line num="175" type="stmt" count="0"/>
      <line num="180" type="stmt" count="0"/>
      <line num="181" type="stmt" count="0"/>
      <line num="192" type="method" name="forgotten_password_complete" crap="30" count="0"/>
      <line num="194" type="stmt" count="0"/>
      <line num="196" type="stmt" count="0"/>
      <line num="197" type="stmt" count="0"/>
      <line num="199" type="stmt" count="0"/>
      <line num="201" type="stmt" count="0"/>
      <line num="202" type="stmt" count="0"/>
      <line num="203" type="stmt" count="0"/>
      <line num="206" type="stmt" count="0"/>
      <line num="208" type="stmt" count="0"/>
      <line num="211" type="stmt" count="0"/>
      <line num="212" type="stmt" count="0"/>
      <line num="214" type="stmt" count="0"/>
      <line num="216" type="stmt" count="0"/>
      <line num="217" type="stmt" count="0"/>
      <line num="218" type="stmt" count="0"/>
      <line num="222" type="stmt" count="0"/>
      <line num="224" type="stmt" count="0"/>
      <line num="225" type="stmt" count="0"/>
      <line num="226" type="stmt" count="0"/>
      <line num="227" type="stmt" count="0"/>
      <line num="228" type="stmt" count="0"/>
      <line num="230" type="stmt" count="0"/>
      <line num="232" type="stmt" count="0"/>
      <line num="233" type="stmt" count="0"/>
      <line num="234" type="stmt" count="0"/>
      <line num="238" type="stmt" count="0"/>
      <line num="239" type="stmt" count="0"/>
      <line num="240" type="stmt" count="0"/>
      <line num="246" type="stmt" count="0"/>
      <line num="247" type="stmt" count="0"/>
      <line num="257" type="method" name="forgotten_password_check" crap="20" count="0"/>
      <line num="259" type="stmt" count="0"/>
      <line num="261" type="stmt" count="0"/>
      <line num="263" type="stmt" count="0"/>
      <line num="264" type="stmt" count="0"/>
      <line num="268" type="stmt" count="0"/>
      <line num="270" type="stmt" count="0"/>
      <line num="271" type="stmt" count="0"/>
      <line num="273" type="stmt" count="0"/>
      <line num="274" type="stmt" count="0"/>
      <line num="275" type="stmt" count="0"/>
      <line num="278" type="stmt" count="0"/>
      <line num="293" type="method" name="register" crap="56" count="0"/>
      <line num="295" type="stmt" count="0"/>
      <line num="297" type="stmt" count="0"/>
      <line num="299" type="stmt" count="0"/>
      <line num="301" type="stmt" count="0"/>
      <line num="303" type="stmt" count="0"/>
      <line num="305" type="stmt" count="0"/>
      <line num="306" type="stmt" count="0"/>
      <line num="307" type="stmt" count="0"/>
      <line num="311" type="stmt" count="0"/>
      <line num="312" type="stmt" count="0"/>
      <line num="313" type="stmt" count="0"/>
      <line num="318" type="stmt" count="0"/>
      <line num="320" type="stmt" count="0"/>
      <line num="321" type="stmt" count="0"/>
      <line num="325" type="stmt" count="0"/>
      <line num="328" type="stmt" count="0"/>
      <line num="331" type="stmt" count="0"/>
      <line num="333" type="stmt" count="0"/>
      <line num="334" type="stmt" count="0"/>
      <line num="335" type="stmt" count="0"/>
      <line num="338" type="stmt" count="0"/>
      <line num="339" type="stmt" count="0"/>
      <line num="340" type="stmt" count="0"/>
      <line num="343" type="stmt" count="0"/>
      <line num="344" type="stmt" count="0"/>
      <line num="345" type="stmt" count="0"/>
      <line num="346" type="stmt" count="0"/>
      <line num="348" type="stmt" count="0"/>
      <line num="350" type="stmt" count="0"/>
      <line num="351" type="stmt" count="0"/>
      <line num="352" type="stmt" count="0"/>
      <line num="356" type="stmt" count="0"/>
      <line num="358" type="stmt" count="0"/>
      <line num="359" type="stmt" count="0"/>
      <line num="360" type="stmt" count="0"/>
      <line num="361" type="stmt" count="0"/>
      <line num="362" type="stmt" count="0"/>
      <line num="364" type="stmt" count="0"/>
      <line num="366" type="stmt" count="0"/>
      <line num="367" type="stmt" count="0"/>
      <line num="368" type="stmt" count="0"/>
      <line num="373" type="stmt" count="0"/>
      <line num="374" type="stmt" count="0"/>
      <line num="375" type="stmt" count="0"/>
      <line num="385" type="method" name="logout" crap="42" count="0"/>
      <line num="387" type="stmt" count="0"/>
      <line num="389" type="stmt" count="0"/>
      <line num="391" type="stmt" count="0"/>
      <line num="393" type="stmt" count="0"/>
      <line num="397" type="stmt" count="0"/>
      <line num="401" type="stmt" count="0"/>
      <line num="403" type="stmt" count="0"/>
      <line num="405" type="stmt" count="0"/>
      <line num="407" type="stmt" count="0"/>
      <line num="411" type="stmt" count="0"/>
      <line num="414" type="stmt" count="0"/>
      <line num="416" type="stmt" count="0"/>
      <line num="420" type="stmt" count="0"/>
      <line num="421" type="stmt" count="0"/>
      <line num="423" type="stmt" count="0"/>
      <line num="426" type="stmt" count="0"/>
      <line num="427" type="stmt" count="0"/>
      <line num="436" type="method" name="logged_in" crap="4.13" count="1"/>
      <line num="438" type="stmt" count="1"/>
      <line num="440" type="stmt" count="1"/>
      <line num="443" type="stmt" count="1"/>
      <line num="445" type="stmt" count="0"/>
      <line num="448" type="stmt" count="1"/>
      <line num="457" type="method" name="get_user_id" crap="6" count="0"/>
      <line num="459" type="stmt" count="0"/>
      <line num="460" type="stmt" count="0"/>
      <line num="462" type="stmt" count="0"/>
      <line num="464" type="stmt" count="0"/>
      <line num="474" type="method" name="is_admin" crap="2" count="0"/>
      <line num="476" type="stmt" count="0"/>
      <line num="478" type="stmt" count="0"/>
      <line num="480" type="stmt" count="0"/>
      <line num="493" type="method" name="in_group" crap="72" count="0"/>
      <line num="495" type="stmt" count="0"/>
      <line num="497" type="stmt" count="0"/>
      <line num="499" type="stmt" count="0"/>
      <line num="501" type="stmt" count="0"/>
      <line num="504" type="stmt" count="0"/>
      <line num="506" type="stmt" count="0"/>
      <line num="510" type="stmt" count="0"/>
      <line num="511" type="stmt" count="0"/>
      <line num="512" type="stmt" count="0"/>
      <line num="514" type="stmt" count="0"/>
      <line num="516" type="stmt" count="0"/>
      <line num="518" type="stmt" count="0"/>
      <line num="520" type="stmt" count="0"/>
      <line num="526" type="stmt" count="0"/>
      <line num="532" type="stmt" count="0"/>
      <line num="540" type="stmt" count="0"/>
      <metrics loc="543" ncloc="368" classes="1" methods="12" coveredmethods="1" conditionals="0" coveredconditionals="0" statements="174" coveredstatements="20" elements="186" coveredelements="21"/>
    </file>
    <file name="C:\Users\Bastian Erler\Documents\workspace\CI_testing_tut\application/libraries/Temperature_converter.php">
      <class name="Temperature_converter" namespace="global" fullPackage="Temperature">
        <metrics methods="2" coveredmethods="2" conditionals="0" coveredconditionals="0" statements="2" coveredstatements="2" elements="4" coveredelements="4"/>
      </class>
      <line num="16" type="method" name="CtoF" crap="1" count="5"/>
      <line num="18" type="stmt" count="5"/>
      <line num="27" type="method" name="FtoC" crap="1" count="5"/>
      <line num="29" type="stmt" count="5"/>
      <metrics loc="30" ncloc="11" classes="1" methods="2" coveredmethods="2" conditionals="0" coveredconditionals="0" statements="2" coveredstatements="2" elements="4" coveredelements="4"/>
    </file>
    <file name="C:\Users\Bastian Erler\Documents\workspace\CI_testing_tut\application/models/Ion_auth_model.php">
      <class name="Ion_auth_model" namespace="global" fullPackage="Ion.auth">
        <metrics methods="70" coveredmethods="2" conditionals="0" coveredconditionals="0" statements="807" coveredstatements="62" elements="877" coveredelements="64"/>
      </class>
      <line num="164" type="method" name="__construct" crap="4.32" count="2"/>
      <line num="166" type="stmt" count="2"/>
      <line num="167" type="stmt" count="2"/>
      <line num="168" type="stmt" count="2"/>
      <line num="169" type="stmt" count="2"/>
      <line num="170" type="stmt" count="2"/>
      <line num="171" type="stmt" count="2"/>
      <line num="174" type="stmt" count="2"/>
      <line num="177" type="stmt" count="2"/>
      <line num="178" type="stmt" count="2"/>
      <line num="179" type="stmt" count="2"/>
      <line num="180" type="stmt" count="2"/>
      <line num="184" type="stmt" count="2"/>
      <line num="185" type="stmt" count="2"/>
      <line num="186" type="stmt" count="2"/>
      <line num="187" type="stmt" count="2"/>
      <line num="188" type="stmt" count="2"/>
      <line num="192" type="stmt" count="2"/>
      <line num="193" type="stmt" count="2"/>
      <line num="194" type="stmt" count="2"/>
      <line num="197" type="stmt" count="2"/>
      <line num="201" type="stmt" count="0"/>
      <line num="202" type="stmt" count="0"/>
      <line num="204" type="stmt" count="0"/>
      <line num="205" type="stmt" count="0"/>
      <line num="206" type="stmt" count="0"/>
      <line num="207" type="stmt" count="0"/>
      <line num="209" type="stmt" count="0"/>
      <line num="210" type="stmt" count="0"/>
      <line num="211" type="stmt" count="0"/>
      <line num="212" type="stmt" count="0"/>
      <line num="217" type="stmt" count="2"/>
      <line num="218" type="stmt" count="2"/>
      <line num="219" type="stmt" count="2"/>
      <line num="220" type="stmt" count="2"/>
      <line num="225" type="stmt" count="2"/>
      <line num="228" type="stmt" count="2"/>
      <line num="229" type="stmt" count="2"/>
      <line num="231" type="stmt" count="0"/>
      <line num="232" type="stmt" count="0"/>
      <line num="236" type="stmt" count="2"/>
      <line num="239" type="stmt" count="2"/>
      <line num="240" type="stmt" count="2"/>
      <line num="243" type="stmt" count="2"/>
      <line num="244" type="stmt" count="2"/>
      <line num="263" type="method" name="hash_password" crap="42" count="0"/>
      <line num="265" type="stmt" count="0"/>
      <line num="267" type="stmt" count="0"/>
      <line num="271" type="stmt" count="0"/>
      <line num="273" type="stmt" count="0"/>
      <line num="277" type="stmt" count="0"/>
      <line num="279" type="stmt" count="0"/>
      <line num="283" type="stmt" count="0"/>
      <line num="284" type="stmt" count="0"/>
      <line num="295" type="method" name="hash_password_db" crap="90" count="0"/>
      <line num="297" type="stmt" count="0"/>
      <line num="299" type="stmt" count="0"/>
      <line num="302" type="stmt" count="0"/>
      <line num="304" type="stmt" count="0"/>
      <line num="305" type="stmt" count="0"/>
      <line num="306" type="stmt" count="0"/>
      <line num="307" type="stmt" count="0"/>
      <line num="308" type="stmt" count="0"/>
      <line num="310" type="stmt" count="0"/>
      <line num="312" type="stmt" count="0"/>
      <line num="314" type="stmt" count="0"/>
      <line num="318" type="stmt" count="0"/>
      <line num="320" type="stmt" count="0"/>
      <line num="322" type="stmt" count="0"/>
      <line num="325" type="stmt" count="0"/>
      <line num="329" type="stmt" count="0"/>
      <line num="331" type="stmt" count="0"/>
      <line num="335" type="stmt" count="0"/>
      <line num="337" type="stmt" count="0"/>
      <line num="340" type="stmt" count="0"/>
      <line num="342" type="stmt" count="0"/>
      <line num="346" type="stmt" count="0"/>
      <line num="356" type="method" name="hash_code" crap="2" count="0"/>
      <line num="358" type="stmt" count="0"/>
      <line num="369" type="method" name="salt" crap="342" count="0"/>
      <line num="372" type="stmt" count="0"/>
      <line num="374" type="stmt" count="0"/>
      <line num="375" type="stmt" count="0"/>
      <line num="377" type="stmt" count="0"/>
      <line num="378" type="stmt" count="0"/>
      <line num="379" type="stmt" count="0"/>
      <line num="380" type="stmt" count="0"/>
      <line num="384" type="stmt" count="0"/>
      <line num="385" type="stmt" count="0"/>
      <line num="386" type="stmt" count="0"/>
      <line num="387" type="stmt" count="0"/>
      <line num="391" type="stmt" count="0"/>
      <line num="392" type="stmt" count="0"/>
      <line num="393" type="stmt" count="0"/>
      <line num="394" type="stmt" count="0"/>
      <line num="398" type="stmt" count="0"/>
      <line num="399" type="stmt" count="0"/>
      <line num="400" type="stmt" count="0"/>
      <line num="401" type="stmt" count="0"/>
      <line num="402" type="stmt" count="0"/>
      <line num="403" type="stmt" count="0"/>
      <line num="405" type="stmt" count="0"/>
      <line num="406" type="stmt" count="0"/>
      <line num="407" type="stmt" count="0"/>
      <line num="411" type="stmt" count="0"/>
      <line num="412" type="stmt" count="0"/>
      <line num="413" type="stmt" count="0"/>
      <line num="414" type="stmt" count="0"/>
      <line num="415" type="stmt" count="0"/>
      <line num="417" type="stmt" count="0"/>
      <line num="422" type="stmt" count="0"/>
      <line num="425" type="stmt" count="0"/>
      <line num="426" type="stmt" count="0"/>
      <line num="427" type="stmt" count="0"/>
      <line num="428" type="stmt" count="0"/>
      <line num="430" type="stmt" count="0"/>
      <line num="433" type="stmt" count="0"/>
      <line num="452" type="method" name="activate" crap="20" count="0"/>
      <line num="454" type="stmt" count="0"/>
      <line num="456" type="stmt" count="0"/>
      <line num="458" type="stmt" count="0"/>
      <line num="459" type="stmt" count="0"/>
      <line num="460" type="stmt" count="0"/>
      <line num="461" type="stmt" count="0"/>
      <line num="462" type="stmt" count="0"/>
      <line num="463" type="stmt" count="0"/>
      <line num="465" type="stmt" count="0"/>
      <line num="467" type="stmt" count="0"/>
      <line num="469" type="stmt" count="0"/>
      <line num="470" type="stmt" count="0"/>
      <line num="471" type="stmt" count="0"/>
      <line num="475" type="stmt" count="0"/>
      <line num="479" type="stmt" count="0"/>
      <line num="480" type="stmt" count="0"/>
      <line num="485" type="stmt" count="0"/>
      <line num="490" type="stmt" count="0"/>
      <line num="491" type="stmt" count="0"/>
      <line num="495" type="stmt" count="0"/>
      <line num="496" type="stmt" count="0"/>
      <line num="498" type="stmt" count="0"/>
      <line num="499" type="stmt" count="0"/>
      <line num="503" type="stmt" count="0"/>
      <line num="504" type="stmt" count="0"/>
      <line num="508" type="stmt" count="0"/>
      <line num="518" type="method" name="deactivate" crap="30" count="0"/>
      <line num="520" type="stmt" count="0"/>
      <line num="522" type="stmt" count="0"/>
      <line num="524" type="stmt" count="0"/>
      <line num="525" type="stmt" count="0"/>
      <line num="527" type="stmt" count="0"/>
      <line num="529" type="stmt" count="0"/>
      <line num="530" type="stmt" count="0"/>
      <line num="533" type="stmt" count="0"/>
      <line num="534" type="stmt" count="0"/>
      <line num="537" type="stmt" count="0"/>
      <line num="538" type="stmt" count="0"/>
      <line num="541" type="stmt" count="0"/>
      <line num="542" type="stmt" count="0"/>
      <line num="544" type="stmt" count="0"/>
      <line num="545" type="stmt" count="0"/>
      <line num="546" type="stmt" count="0"/>
      <line num="548" type="stmt" count="0"/>
      <line num="550" type="stmt" count="0"/>
      <line num="553" type="method" name="clear_forgotten_password_code" crap="12" count="0"/>
      <line num="555" type="stmt" count="0"/>
      <line num="557" type="stmt" count="0"/>
      <line num="560" type="stmt" count="0"/>
      <line num="562" type="stmt" count="0"/>
      <line num="565" type="stmt" count="0"/>
      <line num="569" type="stmt" count="0"/>
      <line num="571" type="stmt" count="0"/>
      <line num="574" type="stmt" count="0"/>
      <line num="583" type="method" name="reset_password" crap="20" count="0"/>
      <line num="584" type="stmt" count="0"/>
      <line num="586" type="stmt" count="0"/>
      <line num="587" type="stmt" count="0"/>
      <line num="588" type="stmt" count="0"/>
      <line num="591" type="stmt" count="0"/>
      <line num="593" type="stmt" count="0"/>
      <line num="594" type="stmt" count="0"/>
      <line num="595" type="stmt" count="0"/>
      <line num="596" type="stmt" count="0"/>
      <line num="597" type="stmt" count="0"/>
      <line num="599" type="stmt" count="0"/>
      <line num="601" type="stmt" count="0"/>
      <line num="602" type="stmt" count="0"/>
      <line num="603" type="stmt" count="0"/>
      <line num="606" type="stmt" count="0"/>
      <line num="608" type="stmt" count="0"/>
      <line num="613" type="stmt" count="0"/>
      <line num="619" type="stmt" count="0"/>
      <line num="620" type="stmt" count="0"/>
      <line num="622" type="stmt" count="0"/>
      <line num="623" type="stmt" count="0"/>
      <line num="625" type="stmt" count="0"/>
      <line num="626" type="stmt" count="0"/>
      <line num="630" type="stmt" count="0"/>
      <line num="631" type="stmt" count="0"/>
      <line num="634" type="stmt" count="0"/>
      <line num="643" type="method" name="change_password" crap="20" count="0"/>
      <line num="645" type="stmt" count="0"/>
      <line num="647" type="stmt" count="0"/>
      <line num="649" type="stmt" count="0"/>
      <line num="650" type="stmt" count="0"/>
      <line num="651" type="stmt" count="0"/>
      <line num="652" type="stmt" count="0"/>
      <line num="653" type="stmt" count="0"/>
      <line num="655" type="stmt" count="0"/>
      <line num="657" type="stmt" count="0"/>
      <line num="658" type="stmt" count="0"/>
      <line num="659" type="stmt" count="0"/>
      <line num="662" type="stmt" count="0"/>
      <line num="664" type="stmt" count="0"/>
      <line num="666" type="stmt" count="0"/>
      <line num="669" type="stmt" count="0"/>
      <line num="671" type="stmt" count="0"/>
      <line num="675" type="stmt" count="0"/>
      <line num="677" type="stmt" count="0"/>
      <line num="678" type="stmt" count="0"/>
      <line num="680" type="stmt" count="0"/>
      <line num="681" type="stmt" count="0"/>
      <line num="685" type="stmt" count="0"/>
      <line num="686" type="stmt" count="0"/>
      <line num="689" type="stmt" count="0"/>
      <line num="692" type="stmt" count="0"/>
      <line num="693" type="stmt" count="0"/>
      <line num="702" type="method" name="username_check" crap="6" count="0"/>
      <line num="704" type="stmt" count="0"/>
      <line num="706" type="stmt" count="0"/>
      <line num="708" type="stmt" count="0"/>
      <line num="711" type="stmt" count="0"/>
      <line num="713" type="stmt" count="0"/>
      <line num="714" type="stmt" count="0"/>
      <line num="715" type="stmt" count="0"/>
      <line num="716" type="stmt" count="0"/>
      <line num="717" type="stmt" count="0"/>
      <line num="726" type="method" name="email_check" crap="6" count="0"/>
      <line num="728" type="stmt" count="0"/>
      <line num="730" type="stmt" count="0"/>
      <line num="732" type="stmt" count="0"/>
      <line num="735" type="stmt" count="0"/>
      <line num="737" type="stmt" count="0"/>
      <line num="738" type="stmt" count="0"/>
      <line num="739" type="stmt" count="0"/>
      <line num="740" type="stmt" count="0"/>
      <line num="741" type="stmt" count="0"/>
      <line num="750" type="method" name="identity_check" crap="6" count="0"/>
      <line num="752" type="stmt" count="0"/>
      <line num="754" type="stmt" count="0"/>
      <line num="756" type="stmt" count="0"/>
      <line num="759" type="stmt" count="0"/>
      <line num="760" type="stmt" count="0"/>
      <line num="771" type="method" name="forgotten_password" crap="90" count="0"/>
      <line num="773" type="stmt" count="0"/>
      <line num="775" type="stmt" count="0"/>
      <line num="776" type="stmt" count="0"/>
      <line num="780" type="stmt" count="0"/>
      <line num="781" type="stmt" count="0"/>
      <line num="782" type="stmt" count="0"/>
      <line num="785" type="stmt" count="0"/>
      <line num="786" type="stmt" count="0"/>
      <line num="789" type="stmt" count="0"/>
      <line num="792" type="stmt" count="0"/>
      <line num="796" type="stmt" count="0"/>
      <line num="798" type="stmt" count="0"/>
      <line num="802" type="stmt" count="0"/>
      <line num="804" type="stmt" count="0"/>
      <line num="807" type="stmt" count="0"/>
      <line num="808" type="stmt" count="0"/>
      <line num="811" type="stmt" count="0"/>
      <line num="813" type="stmt" count="0"/>
      <line num="815" type="stmt" count="0"/>
      <line num="816" type="stmt" count="0"/>
      <line num="818" type="stmt" count="0"/>
      <line num="820" type="stmt" count="0"/>
      <line num="829" type="method" name="forgotten_password_complete" crap="30" count="0"/>
      <line num="831" type="stmt" count="0"/>
      <line num="833" type="stmt" count="0"/>
      <line num="835" type="stmt" count="0"/>
      <line num="836" type="stmt" count="0"/>
      <line num="839" type="stmt" count="0"/>
      <line num="841" type="stmt" count="0"/>
      <line num="843" type="stmt" count="0"/>
      <line num="845" type="stmt" count="0"/>
      <line num="846" type="stmt" count="0"/>
      <line num="848" type="stmt" count="0"/>
      <line num="849" type="stmt" count="0"/>
      <line num="850" type="stmt" count="0"/>
      <line num="854" type="stmt" count="0"/>
      <line num="857" type="stmt" count="0"/>
      <line num="859" type="stmt" count="0"/>
      <line num="862" type="stmt" count="0"/>
      <line num="864" type="stmt" count="0"/>
      <line num="865" type="stmt" count="0"/>
      <line num="868" type="stmt" count="0"/>
      <line num="869" type="stmt" count="0"/>
      <line num="878" type="method" name="register" crap="210" count="0"/>
      <line num="880" type="stmt" count="0"/>
      <line num="882" type="stmt" count="0"/>
      <line num="884" type="stmt" count="0"/>
      <line num="886" type="stmt" count="0"/>
      <line num="887" type="stmt" count="0"/>
      <line num="889" type="stmt" count="0"/>
      <line num="891" type="stmt" count="0"/>
      <line num="892" type="stmt" count="0"/>
      <line num="896" type="stmt" count="0"/>
      <line num="897" type="stmt" count="0"/>
      <line num="899" type="stmt" count="0"/>
      <line num="900" type="stmt" count="0"/>
      <line num="904" type="stmt" count="0"/>
      <line num="907" type="stmt" count="0"/>
      <line num="908" type="stmt" count="0"/>
      <line num="909" type="stmt" count="0"/>
      <line num="913" type="stmt" count="0"/>
      <line num="914" type="stmt" count="0"/>
      <line num="915" type="stmt" count="0"/>
      <line num="916" type="stmt" count="0"/>
      <line num="917" type="stmt" count="0"/>
      <line num="918" type="stmt" count="0"/>
      <line num="919" type="stmt" count="0"/>
      <line num="922" type="stmt" count="0"/>
      <line num="924" type="stmt" count="0"/>
      <line num="929" type="stmt" count="0"/>
      <line num="931" type="stmt" count="0"/>
      <line num="933" type="stmt" count="0"/>
      <line num="935" type="stmt" count="0"/>
      <line num="938" type="stmt" count="0"/>
      <line num="940" type="stmt" count="0"/>
      <line num="943" type="stmt" count="0"/>
      <line num="946" type="stmt" count="0"/>
      <line num="948" type="stmt" count="0"/>
      <line num="952" type="stmt" count="0"/>
      <line num="954" type="stmt" count="0"/>
      <line num="963" type="method" name="login" crap="90" count="0"/>
      <line num="965" type="stmt" count="0"/>
      <line num="967" type="stmt" count="0"/>
      <line num="969" type="stmt" count="0"/>
      <line num="970" type="stmt" count="0"/>
      <line num="973" type="stmt" count="0"/>
      <line num="975" type="stmt" count="0"/>
      <line num="976" type="stmt" count="0"/>
      <line num="977" type="stmt" count="0"/>
      <line num="978" type="stmt" count="0"/>
      <line num="979" type="stmt" count="0"/>
      <line num="981" type="stmt" count="0"/>
      <line num="984" type="stmt" count="0"/>
      <line num="986" type="stmt" count="0"/>
      <line num="987" type="stmt" count="0"/>
      <line num="989" type="stmt" count="0"/>
      <line num="992" type="stmt" count="0"/>
      <line num="994" type="stmt" count="0"/>
      <line num="996" type="stmt" count="0"/>
      <line num="998" type="stmt" count="0"/>
      <line num="1000" type="stmt" count="0"/>
      <line num="1002" type="stmt" count="0"/>
      <line num="1003" type="stmt" count="0"/>
      <line num="1005" type="stmt" count="0"/>
      <line num="1008" type="stmt" count="0"/>
      <line num="1010" type="stmt" count="0"/>
      <line num="1012" type="stmt" count="0"/>
      <line num="1014" type="stmt" count="0"/>
      <line num="1016" type="stmt" count="0"/>
      <line num="1019" type="stmt" count="0"/>
      <line num="1020" type="stmt" count="0"/>
      <line num="1022" type="stmt" count="0"/>
      <line num="1027" type="stmt" count="0"/>
      <line num="1029" type="stmt" count="0"/>
      <line num="1031" type="stmt" count="0"/>
      <line num="1032" type="stmt" count="0"/>
      <line num="1034" type="stmt" count="0"/>
      <line num="1042" type="method" name="recheck_session" crap="26.83" count="1"/>
      <line num="1044" type="stmt" count="1"/>
      <line num="1046" type="stmt" count="1"/>
      <line num="1048" type="stmt" count="0"/>
      <line num="1049" type="stmt" count="0"/>
      <line num="1051" type="stmt" count="0"/>
      <line num="1052" type="stmt" count="0"/>
      <line num="1053" type="stmt" count="0"/>
      <line num="1054" type="stmt" count="0"/>
      <line num="1055" type="stmt" count="0"/>
      <line num="1056" type="stmt" count="0"/>
      <line num="1058" type="stmt" count="0"/>
      <line num="1062" type="stmt" count="0"/>
      <line num="1064" type="stmt" count="0"/>
      <line num="1066" type="stmt" count="0"/>
      <line num="1068" type="stmt" count="0"/>
      <line num="1072" type="stmt" count="0"/>
      <line num="1074" type="stmt" count="0"/>
      <line num="1079" type="stmt" count="1"/>
      <line num="1093" type="method" name="is_max_login_attempts_exceeded" crap="12" count="0"/>
      <line num="1094" type="stmt" count="0"/>
      <line num="1095" type="stmt" count="0"/>
      <line num="1096" type="stmt" count="0"/>
      <line num="1097" type="stmt" count="0"/>
      <line num="1098" type="stmt" count="0"/>
      <line num="1101" type="stmt" count="0"/>
      <line num="1115" type="method" name="get_attempts_num" crap="20" count="0"/>
      <line num="1117" type="stmt" count="0"/>
      <line num="1118" type="stmt" count="0"/>
      <line num="1119" type="stmt" count="0"/>
      <line num="1120" type="stmt" count="0"/>
      <line num="1121" type="stmt" count="0"/>
      <line num="1122" type="stmt" count="0"/>
      <line num="1124" type="stmt" count="0"/>
      <line num="1126" type="stmt" count="0"/>
      <line num="1127" type="stmt" count="0"/>
      <line num="1128" type="stmt" count="0"/>
      <line num="1130" type="stmt" count="0"/>
      <line num="1148" type="method" name="is_time_locked_out" crap="2" count="0"/>
      <line num="1149" type="stmt" count="0"/>
      <line num="1165" type="method" name="get_last_attempt_time" crap="30" count="0"/>
      <line num="1166" type="stmt" count="0"/>
      <line num="1167" type="stmt" count="0"/>
      <line num="1168" type="stmt" count="0"/>
      <line num="1169" type="stmt" count="0"/>
      <line num="1170" type="stmt" count="0"/>
      <line num="1171" type="stmt" count="0"/>
      <line num="1173" type="stmt" count="0"/>
      <line num="1175" type="stmt" count="0"/>
      <line num="1176" type="stmt" count="0"/>
      <line num="1178" type="stmt" count="0"/>
      <line num="1179" type="stmt" count="0"/>
      <line num="1183" type="stmt" count="0"/>
      <line num="1192" type="method" name="get_last_attempt_ip" crap="20" count="0"/>
      <line num="1193" type="stmt" count="0"/>
      <line num="1194" type="stmt" count="0"/>
      <line num="1195" type="stmt" count="0"/>
      <line num="1196" type="stmt" count="0"/>
      <line num="1197" type="stmt" count="0"/>
      <line num="1199" type="stmt" count="0"/>
      <line num="1200" type="stmt" count="0"/>
      <line num="1204" type="stmt" count="0"/>
      <line num="1215" type="method" name="increase_login_attempts" crap="12" count="0"/>
      <line num="1216" type="stmt" count="0"/>
      <line num="1217" type="stmt" count="0"/>
      <line num="1218" type="stmt" count="0"/>
      <line num="1219" type="stmt" count="0"/>
      <line num="1221" type="stmt" count="0"/>
      <line num="1223" type="stmt" count="0"/>
      <line num="1239" type="method" name="clear_login_attempts" crap="20" count="0"/>
      <line num="1240" type="stmt" count="0"/>
      <line num="1242" type="stmt" count="0"/>
      <line num="1244" type="stmt" count="0"/>
      <line num="1245" type="stmt" count="0"/>
      <line num="1246" type="stmt" count="0"/>
      <line num="1247" type="stmt" count="0"/>
      <line num="1249" type="stmt" count="0"/>
      <line num="1252" type="stmt" count="0"/>
      <line num="1254" type="stmt" count="0"/>
      <line num="1256" type="stmt" count="0"/>
      <line num="1259" type="method" name="limit" crap="2" count="0"/>
      <line num="1261" type="stmt" count="0"/>
      <line num="1262" type="stmt" count="0"/>
      <line num="1264" type="stmt" count="0"/>
      <line num="1267" type="method" name="offset" crap="2" count="0"/>
      <line num="1269" type="stmt" count="0"/>
      <line num="1270" type="stmt" count="0"/>
      <line num="1272" type="stmt" count="0"/>
      <line num="1275" type="method" name="where" crap="6" count="0"/>
      <line num="1277" type="stmt" count="0"/>
      <line num="1279" type="stmt" count="0"/>
      <line num="1281" type="stmt" count="0"/>
      <line num="1284" type="stmt" count="0"/>
      <line num="1286" type="stmt" count="0"/>
      <line num="1289" type="method" name="like" crap="2" count="0"/>
      <line num="1291" type="stmt" count="0"/>
      <line num="1293" type="stmt" count="0"/>
      <line num="1294" type="stmt" count="0"/>
      <line num="1295" type="stmt" count="0"/>
      <line num="1296" type="stmt" count="0"/>
      <line num="1299" type="stmt" count="0"/>
      <line num="1302" type="method" name="select" crap="2" count="0"/>
      <line num="1304" type="stmt" count="0"/>
      <line num="1306" type="stmt" count="0"/>
      <line num="1308" type="stmt" count="0"/>
      <line num="1311" type="method" name="order_by" crap="2" count="0"/>
      <line num="1313" type="stmt" count="0"/>
      <line num="1315" type="stmt" count="0"/>
      <line num="1316" type="stmt" count="0"/>
      <line num="1318" type="stmt" count="0"/>
      <line num="1321" type="method" name="row" crap="2" count="0"/>
      <line num="1323" type="stmt" count="0"/>
      <line num="1325" type="stmt" count="0"/>
      <line num="1327" type="stmt" count="0"/>
      <line num="1330" type="method" name="row_array" crap="2" count="0"/>
      <line num="1332" type="stmt" count="0"/>
      <line num="1334" type="stmt" count="0"/>
      <line num="1336" type="stmt" count="0"/>
      <line num="1339" type="method" name="result" crap="1" count="1"/>
      <line num="1341" type="stmt" count="1"/>
      <line num="1343" type="stmt" count="1"/>
      <line num="1345" type="stmt" count="1"/>
      <line num="1348" type="method" name="result_array" crap="2" count="0"/>
      <line num="1350" type="stmt" count="0"/>
      <line num="1352" type="stmt" count="0"/>
      <line num="1354" type="stmt" count="0"/>
      <line num="1357" type="method" name="num_rows" crap="2" count="0"/>
      <line num="1359" type="stmt" count="0"/>
      <line num="1361" type="stmt" count="0"/>
      <line num="1363" type="stmt" count="0"/>
      <line num="1372" type="method" name="users" crap="244.82" count="1"/>
      <line num="1374" type="stmt" count="1"/>
      <line num="1376" type="stmt" count="1"/>
      <line num="1378" type="stmt" count="0"/>
      <line num="1380" type="stmt" count="0"/>
      <line num="1383" type="stmt" count="0"/>
      <line num="1388" type="stmt" count="1"/>
      <line num="1389" type="stmt" count="1"/>
      <line num="1390" type="stmt" count="1"/>
      <line num="1391" type="stmt" count="1"/>
      <line num="1396" type="stmt" count="1"/>
      <line num="1399" type="stmt" count="0"/>
      <line num="1401" type="stmt" count="0"/>
      <line num="1405" type="stmt" count="0"/>
      <line num="1407" type="stmt" count="0"/>
      <line num="1408" type="stmt" count="0"/>
      <line num="1409" type="stmt" count="0"/>
      <line num="1410" type="stmt" count="0"/>
      <line num="1411" type="stmt" count="0"/>
      <line num="1416" type="stmt" count="0"/>
      <line num="1417" type="stmt" count="0"/>
      <line num="1418" type="stmt" count="0"/>
      <line num="1420" type="stmt" count="0"/>
      <line num="1421" type="stmt" count="0"/>
      <line num="1423" type="stmt" count="0"/>
      <line num="1425" type="stmt" count="0"/>
      <line num="1427" type="stmt" count="0"/>
      <line num="1428" type="stmt" count="0"/>
      <line num="1430" type="stmt" count="0"/>
      <line num="1432" type="stmt" count="0"/>
      <line num="1436" type="stmt" count="1"/>
      <line num="1439" type="stmt" count="1"/>
      <line num="1441" type="stmt" count="0"/>
      <line num="1443" type="stmt" count="0"/>
      <line num="1446" type="stmt" count="0"/>
      <line num="1449" type="stmt" count="1"/>
      <line num="1451" type="stmt" count="0"/>
      <line num="1453" type="stmt" count="0"/>
      <line num="1456" type="stmt" count="0"/>
      <line num="1459" type="stmt" count="1"/>
      <line num="1461" type="stmt" count="0"/>
      <line num="1463" type="stmt" count="0"/>
      <line num="1464" type="stmt" count="0"/>
      <line num="1466" type="stmt" count="1"/>
      <line num="1468" type="stmt" count="0"/>
      <line num="1470" type="stmt" count="0"/>
      <line num="1474" type="stmt" count="1"/>
      <line num="1476" type="stmt" count="0"/>
      <line num="1478" type="stmt" count="0"/>
      <line num="1479" type="stmt" count="0"/>
      <line num="1482" type="stmt" count="1"/>
      <line num="1484" type="stmt" count="1"/>
      <line num="1493" type="method" name="user" crap="6" count="0"/>
      <line num="1495" type="stmt" count="0"/>
      <line num="1498" type="stmt" count="0"/>
      <line num="1500" type="stmt" count="0"/>
      <line num="1501" type="stmt" count="0"/>
      <line num="1502" type="stmt" count="0"/>
      <line num="1504" type="stmt" count="0"/>
      <line num="1506" type="stmt" count="0"/>
      <line num="1515" type="method" name="get_users_groups" crap="2" count="1"/>
      <line num="1517" type="stmt" count="1"/>
      <line num="1520" type="stmt" count="1"/>
      <line num="1522" type="stmt" count="1"/>
      <line num="1523" type="stmt" count="1"/>
      <line num="1524" type="stmt" count="1"/>
      <line num="1525" type="stmt" count="1"/>
      <line num="1534" type="method" name="add_to_group" crap="42" count="0"/>
      <line num="1536" type="stmt" count="0"/>
      <line num="1539" type="stmt" count="0"/>
      <line num="1541" type="stmt" count="0"/>
      <line num="1543" type="stmt" count="0"/>
      <line num="1546" type="stmt" count="0"/>
      <line num="1549" type="stmt" count="0"/>
      <line num="1551" type="stmt" count="0"/>
      <line num="1553" type="stmt" count="0"/>
      <line num="1554" type="stmt" count="0"/>
      <line num="1557" type="stmt" count="0"/>
      <line num="1558" type="stmt" count="0"/>
      <line num="1559" type="stmt" count="0"/>
      <line num="1561" type="stmt" count="0"/>
      <line num="1564" type="stmt" count="0"/>
      <line num="1568" type="stmt" count="0"/>
      <line num="1577" type="method" name="remove_from_group" crap="72" count="0"/>
      <line num="1579" type="stmt" count="0"/>
      <line num="1582" type="stmt" count="0"/>
      <line num="1584" type="stmt" count="0"/>
      <line num="1588" type="stmt" count="0"/>
      <line num="1590" type="stmt" count="0"/>
      <line num="1592" type="stmt" count="0"/>
      <line num="1595" type="stmt" count="0"/>
      <line num="1597" type="stmt" count="0"/>
      <line num="1598" type="stmt" count="0"/>
      <line num="1600" type="stmt" count="0"/>
      <line num="1604" type="stmt" count="0"/>
      <line num="1609" type="stmt" count="0"/>
      <line num="1610" type="stmt" count="0"/>
      <line num="1613" type="stmt" count="0"/>
      <line num="1622" type="method" name="groups" crap="90" count="0"/>
      <line num="1624" type="stmt" count="0"/>
      <line num="1627" type="stmt" count="0"/>
      <line num="1629" type="stmt" count="0"/>
      <line num="1631" type="stmt" count="0"/>
      <line num="1633" type="stmt" count="0"/>
      <line num="1636" type="stmt" count="0"/>
      <line num="1638" type="stmt" count="0"/>
      <line num="1640" type="stmt" count="0"/>
      <line num="1641" type="stmt" count="0"/>
      <line num="1643" type="stmt" count="0"/>
      <line num="1645" type="stmt" count="0"/>
      <line num="1647" type="stmt" count="0"/>
      <line num="1651" type="stmt" count="0"/>
      <line num="1653" type="stmt" count="0"/>
      <line num="1656" type="stmt" count="0"/>
      <line num="1658" type="stmt" count="0"/>
      <line num="1667" type="method" name="group" crap="6" count="0"/>
      <line num="1669" type="stmt" count="0"/>
      <line num="1671" type="stmt" count="0"/>
      <line num="1673" type="stmt" count="0"/>
      <line num="1676" type="stmt" count="0"/>
      <line num="1677" type="stmt" count="0"/>
      <line num="1679" type="stmt" count="0"/>
      <line num="1688" type="method" name="update" crap="110" count="0"/>
      <line num="1690" type="stmt" count="0"/>
      <line num="1692" type="stmt" count="0"/>
      <line num="1694" type="stmt" count="0"/>
      <line num="1696" type="stmt" count="0"/>
      <line num="1698" type="stmt" count="0"/>
      <line num="1699" type="stmt" count="0"/>
      <line num="1701" type="stmt" count="0"/>
      <line num="1702" type="stmt" count="0"/>
      <line num="1704" type="stmt" count="0"/>
      <line num="1708" type="stmt" count="0"/>
      <line num="1710" type="stmt" count="0"/>
      <line num="1712" type="stmt" count="0"/>
      <line num="1714" type="stmt" count="0"/>
      <line num="1716" type="stmt" count="0"/>
      <line num="1721" type="stmt" count="0"/>
      <line num="1726" type="stmt" count="0"/>
      <line num="1727" type="stmt" count="0"/>
      <line num="1729" type="stmt" count="0"/>
      <line num="1731" type="stmt" count="0"/>
      <line num="1733" type="stmt" count="0"/>
      <line num="1734" type="stmt" count="0"/>
      <line num="1735" type="stmt" count="0"/>
      <line num="1738" type="stmt" count="0"/>
      <line num="1740" type="stmt" count="0"/>
      <line num="1741" type="stmt" count="0"/>
      <line num="1742" type="stmt" count="0"/>
      <line num="1751" type="method" name="delete_user" crap="6" count="0"/>
      <line num="1753" type="stmt" count="0"/>
      <line num="1755" type="stmt" count="0"/>
      <line num="1758" type="stmt" count="0"/>
      <line num="1761" type="stmt" count="0"/>
      <line num="1764" type="stmt" count="0"/>
      <line num="1766" type="stmt" count="0"/>
      <line num="1767" type="stmt" count="0"/>
      <line num="1768" type="stmt" count="0"/>
      <line num="1769" type="stmt" count="0"/>
      <line num="1772" type="stmt" count="0"/>
      <line num="1774" type="stmt" count="0"/>
      <line num="1775" type="stmt" count="0"/>
      <line num="1776" type="stmt" count="0"/>
      <line num="1785" type="method" name="update_last_login" crap="2" count="0"/>
      <line num="1787" type="stmt" count="0"/>
      <line num="1789" type="stmt" count="0"/>
      <line num="1791" type="stmt" count="0"/>
      <line num="1793" type="stmt" count="0"/>
      <line num="1795" type="stmt" count="0"/>
      <line num="1804" type="method" name="set_lang" crap="6" count="0"/>
      <line num="1806" type="stmt" count="0"/>
      <line num="1809" type="stmt" count="0"/>
      <line num="1811" type="stmt" count="0"/>
      <line num="1816" type="stmt" count="0"/>
      <line num="1819" type="stmt" count="0"/>
      <line num="1820" type="stmt" count="0"/>
      <line num="1821" type="stmt" count="0"/>
      <line num="1822" type="stmt" count="0"/>
      <line num="1825" type="stmt" count="0"/>
      <line num="1834" type="method" name="set_session" crap="2" count="0"/>
      <line num="1837" type="stmt" count="0"/>
      <line num="1840" type="stmt" count="0"/>
      <line num="1841" type="stmt" count="0"/>
      <line num="1842" type="stmt" count="0"/>
      <line num="1843" type="stmt" count="0"/>
      <line num="1844" type="stmt" count="0"/>
      <line num="1845" type="stmt" count="0"/>
      <line num="1848" type="stmt" count="0"/>
      <line num="1850" type="stmt" count="0"/>
      <line num="1852" type="stmt" count="0"/>
      <line num="1861" type="method" name="remember_user" crap="20" count="0"/>
      <line num="1863" type="stmt" count="0"/>
      <line num="1865" type="stmt" count="0"/>
      <line num="1867" type="stmt" count="0"/>
      <line num="1870" type="stmt" count="0"/>
      <line num="1872" type="stmt" count="0"/>
      <line num="1874" type="stmt" count="0"/>
      <line num="1876" type="stmt" count="0"/>
      <line num="1879" type="stmt" count="0"/>
      <line num="1881" type="stmt" count="0"/>
      <line num="1886" type="stmt" count="0"/>
      <line num="1889" type="stmt" count="0"/>
      <line num="1890" type="stmt" count="0"/>
      <line num="1891" type="stmt" count="0"/>
      <line num="1892" type="stmt" count="0"/>
      <line num="1895" type="stmt" count="0"/>
      <line num="1896" type="stmt" count="0"/>
      <line num="1897" type="stmt" count="0"/>
      <line num="1898" type="stmt" count="0"/>
      <line num="1901" type="stmt" count="0"/>
      <line num="1902" type="stmt" count="0"/>
      <line num="1905" type="stmt" count="0"/>
      <line num="1906" type="stmt" count="0"/>
      <line num="1915" type="method" name="login_remembered_user" crap="42" count="0"/>
      <line num="1917" type="stmt" count="0"/>
      <line num="1920" type="stmt" count="0"/>
      <line num="1921" type="stmt" count="0"/>
      <line num="1922" type="stmt" count="0"/>
      <line num="1924" type="stmt" count="0"/>
      <line num="1925" type="stmt" count="0"/>
      <line num="1929" type="stmt" count="0"/>
      <line num="1930" type="stmt" count="0"/>
      <line num="1931" type="stmt" count="0"/>
      <line num="1932" type="stmt" count="0"/>
      <line num="1933" type="stmt" count="0"/>
      <line num="1934" type="stmt" count="0"/>
      <line num="1935" type="stmt" count="0"/>
      <line num="1936" type="stmt" count="0"/>
      <line num="1939" type="stmt" count="0"/>
      <line num="1941" type="stmt" count="0"/>
      <line num="1943" type="stmt" count="0"/>
      <line num="1945" type="stmt" count="0"/>
      <line num="1948" type="stmt" count="0"/>
      <line num="1950" type="stmt" count="0"/>
      <line num="1953" type="stmt" count="0"/>
      <line num="1954" type="stmt" count="0"/>
      <line num="1957" type="stmt" count="0"/>
      <line num="1958" type="stmt" count="0"/>
      <line num="1967" type="method" name="create_group" crap="20" count="0"/>
      <line num="1970" type="stmt" count="0"/>
      <line num="1972" type="stmt" count="0"/>
      <line num="1973" type="stmt" count="0"/>
      <line num="1977" type="stmt" count="0"/>
      <line num="1978" type="stmt" count="0"/>
      <line num="1980" type="stmt" count="0"/>
      <line num="1981" type="stmt" count="0"/>
      <line num="1984" type="stmt" count="0"/>
      <line num="1988" type="stmt" count="0"/>
      <line num="1990" type="stmt" count="0"/>
      <line num="1993" type="stmt" count="0"/>
      <line num="1994" type="stmt" count="0"/>
      <line num="1997" type="stmt" count="0"/>
      <line num="1999" type="stmt" count="0"/>
      <line num="2008" type="method" name="update_group" crap="90" count="0"/>
      <line num="2010" type="stmt" count="0"/>
      <line num="2012" type="stmt" count="0"/>
      <line num="2014" type="stmt" count="0"/>
      <line num="2019" type="stmt" count="0"/>
      <line num="2020" type="stmt" count="0"/>
      <line num="2022" type="stmt" count="0"/>
      <line num="2023" type="stmt" count="0"/>
      <line num="2026" type="stmt" count="0"/>
      <line num="2030" type="stmt" count="0"/>
      <line num="2031" type="stmt" count="0"/>
      <line num="2033" type="stmt" count="0"/>
      <line num="2034" type="stmt" count="0"/>
      <line num="2040" type="stmt" count="0"/>
      <line num="2045" type="stmt" count="0"/>
      <line num="2048" type="stmt" count="0"/>
      <line num="2050" type="stmt" count="0"/>
      <line num="2052" type="stmt" count="0"/>
      <line num="2061" type="method" name="delete_group" crap="30" count="0"/>
      <line num="2064" type="stmt" count="0"/>
      <line num="2066" type="stmt" count="0"/>
      <line num="2068" type="stmt" count="0"/>
      <line num="2069" type="stmt" count="0"/>
      <line num="2071" type="stmt" count="0"/>
      <line num="2072" type="stmt" count="0"/>
      <line num="2073" type="stmt" count="0"/>
      <line num="2076" type="stmt" count="0"/>
      <line num="2078" type="stmt" count="0"/>
      <line num="2081" type="stmt" count="0"/>
      <line num="2083" type="stmt" count="0"/>
      <line num="2085" type="stmt" count="0"/>
      <line num="2087" type="stmt" count="0"/>
      <line num="2088" type="stmt" count="0"/>
      <line num="2089" type="stmt" count="0"/>
      <line num="2090" type="stmt" count="0"/>
      <line num="2093" type="stmt" count="0"/>
      <line num="2095" type="stmt" count="0"/>
      <line num="2096" type="stmt" count="0"/>
      <line num="2097" type="stmt" count="0"/>
      <line num="2100" type="method" name="set_hook" crap="2" count="0"/>
      <line num="2102" type="stmt" count="0"/>
      <line num="2103" type="stmt" count="0"/>
      <line num="2104" type="stmt" count="0"/>
      <line num="2105" type="stmt" count="0"/>
      <line num="2106" type="stmt" count="0"/>
      <line num="2108" type="method" name="remove_hook" crap="6" count="0"/>
      <line num="2110" type="stmt" count="0"/>
      <line num="2112" type="stmt" count="0"/>
      <line num="2114" type="stmt" count="0"/>
      <line num="2116" type="method" name="remove_hooks" crap="6" count="0"/>
      <line num="2118" type="stmt" count="0"/>
      <line num="2120" type="stmt" count="0"/>
      <line num="2122" type="stmt" count="0"/>
      <line num="2124" type="method" name="_call_hook" crap="12" count="0"/>
      <line num="2126" type="stmt" count="0"/>
      <line num="2128" type="stmt" count="0"/>
      <line num="2130" type="stmt" count="0"/>
      <line num="2133" type="stmt" count="0"/>
      <line num="2136" type="method" name="trigger_events" crap="16.14" count="2"/>
      <line num="2138" type="stmt" count="2"/>
      <line num="2140" type="stmt" count="0"/>
      <line num="2142" type="stmt" count="0"/>
      <line num="2147" type="stmt" count="2"/>
      <line num="2149" type="stmt" count="0"/>
      <line num="2151" type="stmt" count="0"/>
      <line num="2155" type="stmt" count="2"/>
      <line num="2165" type="method" name="set_message_delimiters" crap="2" count="0"/>
      <line num="2167" type="stmt" count="0"/>
      <line num="2168" type="stmt" count="0"/>
      <line num="2170" type="stmt" count="0"/>
      <line num="2181" type="method" name="set_error_delimiters" crap="2" count="0"/>
      <line num="2183" type="stmt" count="0"/>
      <line num="2184" type="stmt" count="0"/>
      <line num="2186" type="stmt" count="0"/>
      <line num="2197" type="method" name="set_message" crap="2" count="0"/>
      <line num="2199" type="stmt" count="0"/>
      <line num="2201" type="stmt" count="0"/>
      <line num="2214" type="method" name="messages" crap="12" count="0"/>
      <line num="2216" type="stmt" count="0"/>
      <line num="2217" type="stmt" count="0"/>
      <line num="2219" type="stmt" count="0"/>
      <line num="2220" type="stmt" count="0"/>
      <line num="2223" type="stmt" count="0"/>
      <line num="2234" type="method" name="messages_array" crap="20" count="0"/>
      <line num="2236" type="stmt" count="0"/>
      <line num="2238" type="stmt" count="0"/>
      <line num="2239" type="stmt" count="0"/>
      <line num="2241" type="stmt" count="0"/>
      <line num="2242" type="stmt" count="0"/>
      <line num="2244" type="stmt" count="0"/>
      <line num="2248" type="stmt" count="0"/>
      <line num="2261" type="method" name="clear_messages" crap="2" count="0"/>
      <line num="2263" type="stmt" count="0"/>
      <line num="2265" type="stmt" count="0"/>
      <line num="2277" type="method" name="set_error" crap="2" count="0"/>
      <line num="2279" type="stmt" count="0"/>
      <line num="2281" type="stmt" count="0"/>
      <line num="2292" type="method" name="errors" crap="12" count="0"/>
      <line num="2294" type="stmt" count="0"/>
      <line num="2295" type="stmt" count="0"/>
      <line num="2297" type="stmt" count="0"/>
      <line num="2298" type="stmt" count="0"/>
      <line num="2301" type="stmt" count="0"/>
      <line num="2312" type="method" name="errors_array" crap="20" count="0"/>
      <line num="2314" type="stmt" count="0"/>
      <line num="2316" type="stmt" count="0"/>
      <line num="2317" type="stmt" count="0"/>
      <line num="2319" type="stmt" count="0"/>
      <line num="2320" type="stmt" count="0"/>
      <line num="2322" type="stmt" count="0"/>
      <line num="2326" type="stmt" count="0"/>
      <line num="2339" type="method" name="clear_errors" crap="2" count="0"/>
      <line num="2341" type="stmt" count="0"/>
      <line num="2343" type="stmt" count="0"/>
      <line num="2348" type="method" name="_filter_data" crap="20" count="0"/>
      <line num="2350" type="stmt" count="0"/>
      <line num="2351" type="stmt" count="0"/>
      <line num="2353" type="stmt" count="0"/>
      <line num="2355" type="stmt" count="0"/>
      <line num="2357" type="stmt" count="0"/>
      <line num="2358" type="stmt" count="0"/>
      <line num="2362" type="stmt" count="0"/>
      <line num="2365" type="method" name="_prepare_ip" crap="2" count="0"/>
      <line num="2367" type="stmt" count="0"/>
      <metrics loc="2369" ncloc="1704" classes="1" methods="70" coveredmethods="2" conditionals="0" coveredconditionals="0" statements="807" coveredstatements="62" elements="877" coveredelements="64"/>
    </file>
    <file name="C:\Users\Bastian Erler\Documents\workspace\CI_testing_tut\application/models/News_model.php">
      <class name="News_model" namespace="global" fullPackage="News">
        <metrics methods="3" coveredmethods="3" conditionals="0" coveredconditionals="0" statements="13" coveredstatements="13" elements="16" coveredelements="16"/>
      </class>
      <line num="10" type="method" name="__construct" crap="1" count="12"/>
      <line num="12" type="stmt" count="12"/>
      <line num="13" type="stmt" count="12"/>
      <line num="15" type="method" name="get_news" crap="2" count="9"/>
      <line num="17" type="stmt" count="9"/>
      <line num="19" type="stmt" count="5"/>
      <line num="20" type="stmt" count="5"/>
      <line num="22" type="stmt" count="4"/>
      <line num="23" type="stmt" count="4"/>
      <line num="26" type="method" name="set_news" crap="1" count="3"/>
      <line num="28" type="stmt" count="3"/>
      <line num="29" type="stmt" count="3"/>
      <line num="32" type="stmt" count="3"/>
      <line num="33" type="stmt" count="3"/>
      <line num="34" type="stmt" count="3"/>
      <line num="36" type="stmt" count="3"/>
      <metrics loc="37" ncloc="31" classes="1" methods="3" coveredmethods="3" conditionals="0" coveredconditionals="0" statements="13" coveredstatements="13" elements="16" coveredelements="16"/>
    </file>
    <file name="C:\Users\Bastian Erler\Documents\workspace\CI_testing_tut\application/views/auth/change_password.php">
      <line num="7" type="stmt" count="0"/>
      <line num="10" type="stmt" count="0"/>
      <line num="12" type="stmt" count="0"/>
      <line num="15" type="stmt" count="0"/>
      <line num="17" type="stmt" count="0"/>
      <line num="20" type="stmt" count="0"/>
      <metrics loc="25" ncloc="25" classes="0" methods="0" coveredmethods="0" conditionals="0" coveredconditionals="0" statements="6" coveredstatements="0" elements="6" coveredelements="0"/>
    </file>
    <file name="C:\Users\Bastian Erler\Documents\workspace\CI_testing_tut\application/views/auth/create_group.php">
      <line num="8" type="stmt" count="0"/>
      <line num="11" type="stmt" count="0"/>
      <line num="13" type="stmt" count="0"/>
      <line num="16" type="stmt" count="0"/>
      <metrics loc="19" ncloc="19" classes="0" methods="0" coveredmethods="0" conditionals="0" coveredconditionals="0" statements="4" coveredstatements="0" elements="4" coveredelements="0"/>
    </file>
    <file name="C:\Users\Bastian Erler\Documents\workspace\CI_testing_tut\application/views/auth/create_user.php">
      <line num="8" type="stmt" count="0"/>
      <line num="11" type="stmt" count="0"/>
      <line num="13" type="stmt" count="0"/>
      <line num="16" type="stmt" count="0"/>
      <line num="19" type="stmt" count="0"/>
      <line num="20" type="stmt" count="0"/>
      <line num="21" type="stmt" count="0"/>
      <line num="22" type="stmt" count="0"/>
      <line num="23" type="stmt" count="0"/>
      <line num="24" type="stmt" count="0"/>
      <line num="25" type="stmt" count="0"/>
      <line num="26" type="stmt" count="0"/>
      <line num="29" type="stmt" count="0"/>
      <line num="32" type="stmt" count="0"/>
      <line num="34" type="stmt" count="0"/>
      <line num="37" type="stmt" count="0"/>
      <line num="39" type="stmt" count="0"/>
      <line num="42" type="stmt" count="0"/>
      <line num="44" type="stmt" count="0"/>
      <line num="47" type="stmt" count="0"/>
      <line num="49" type="stmt" count="0"/>
      <line num="52" type="stmt" count="0"/>
      <metrics loc="57" ncloc="57" classes="0" methods="0" coveredmethods="0" conditionals="0" coveredconditionals="0" statements="22" coveredstatements="0" elements="22" coveredelements="0"/>
    </file>
    <file name="C:\Users\Bastian Erler\Documents\workspace\CI_testing_tut\application/views/auth/deactivate_user.php">
      <line num="6" type="stmt" count="0"/>
      <line num="8" type="stmt" count="0"/>
      <line num="10" type="stmt" count="0"/>
      <line num="11" type="stmt" count="0"/>
      <metrics loc="17" ncloc="17" classes="0" methods="0" coveredmethods="0" conditionals="0" coveredconditionals="0" statements="4" coveredstatements="0" elements="4" coveredelements="0"/>
    </file>
    <file name="C:\Users\Bastian Erler\Documents\workspace\CI_testing_tut\application/views/auth/edit_group.php">
      <line num="8" type="stmt" count="0"/>
      <line num="11" type="stmt" count="0"/>
      <line num="13" type="stmt" count="0"/>
      <line num="16" type="stmt" count="0"/>
      <metrics loc="19" ncloc="19" classes="0" methods="0" coveredmethods="0" conditionals="0" coveredconditionals="0" statements="4" coveredstatements="0" elements="4" coveredelements="0"/>
    </file>
    <file name="C:\Users\Bastian Erler\Documents\workspace\CI_testing_tut\application/views/auth/edit_user.php">
      <line num="8" type="stmt" count="0"/>
      <line num="11" type="stmt" count="0"/>
      <line num="13" type="stmt" count="0"/>
      <line num="16" type="stmt" count="0"/>
      <line num="18" type="stmt" count="0"/>
      <line num="21" type="stmt" count="0"/>
      <line num="23" type="stmt" count="0"/>
      <line num="26" type="stmt" count="0"/>
      <line num="28" type="stmt" count="0"/>
      <line num="31" type="stmt" count="0"/>
      <line num="33" type="stmt" count="0"/>
      <line num="36" type="stmt" count="0"/>
      <line num="42" type="stmt" count="0"/>
      <line num="44" type="stmt" count="0"/>
      <line num="45" type="stmt" count="0"/>
      <line num="46" type="stmt" count="0"/>
      <line num="47" type="stmt" count="0"/>
      <line num="48" type="stmt" count="0"/>
      <line num="49" type="stmt" count="0"/>
      <line num="50" type="stmt" count="0"/>
      <line num="51" type="stmt" count="0"/>
      <line num="52" type="stmt" count="0"/>
      <line num="56" type="stmt" count="0"/>
      <metrics loc="66" ncloc="66" classes="0" methods="0" coveredmethods="0" conditionals="0" coveredconditionals="0" statements="23" coveredstatements="0" elements="23" coveredelements="0"/>
    </file>
    <file name="C:\Users\Bastian Erler\Documents\workspace\CI_testing_tut\application/views/auth/email/activate.tpl.php">
      <line num="1" type="stmt" count="0"/>
      <line num="2" type="stmt" count="0"/>
      <line num="5" type="stmt" count="0"/>
      <line num="6" type="stmt" count="0"/>
      <metrics loc="5" ncloc="5" classes="0" methods="0" coveredmethods="0" conditionals="0" coveredconditionals="0" statements="3" coveredstatements="0" elements="3" coveredelements="0"/>
    </file>
    <file name="C:\Users\Bastian Erler\Documents\workspace\CI_testing_tut\application/views/auth/email/forgot_password.tpl.php">
      <line num="1" type="stmt" count="0"/>
      <line num="2" type="stmt" count="0"/>
      <line num="5" type="stmt" count="0"/>
      <line num="6" type="stmt" count="0"/>
      <metrics loc="5" ncloc="5" classes="0" methods="0" coveredmethods="0" conditionals="0" coveredconditionals="0" statements="3" coveredstatements="0" elements="3" coveredelements="0"/>
    </file>
    <file name="C:\Users\Bastian Erler\Documents\workspace\CI_testing_tut\application/views/auth/email/new_password.tpl.php">
      <line num="1" type="stmt" count="0"/>
      <line num="2" type="stmt" count="0"/>
      <line num="6" type="stmt" count="0"/>
      <line num="7" type="stmt" count="0"/>
      <metrics loc="6" ncloc="6" classes="0" methods="0" coveredmethods="0" conditionals="0" coveredconditionals="0" statements="3" coveredstatements="0" elements="3" coveredelements="0"/>
    </file>
    <file name="C:\Users\Bastian Erler\Documents\workspace\CI_testing_tut\application/views/auth/forgot_password.php">
      <line num="8" type="stmt" count="0"/>
      <line num="11" type="stmt" count="0"/>
      <metrics loc="15" ncloc="15" classes="0" methods="0" coveredmethods="0" conditionals="0" coveredconditionals="0" statements="2" coveredstatements="0" elements="2" coveredelements="0"/>
    </file>
    <file name="C:\Users\Bastian Erler\Documents\workspace\CI_testing_tut\application/views/auth/index.php">
      <line num="16" type="stmt" count="1"/>
      <line num="24" type="stmt" count="1"/>
      <line num="29" type="stmt" count="1"/>
      <metrics loc="30" ncloc="30" classes="0" methods="0" coveredmethods="0" conditionals="0" coveredconditionals="0" statements="3" coveredstatements="3" elements="3" coveredelements="3"/>
    </file>
    <file name="C:\Users\Bastian Erler\Documents\workspace\CI_testing_tut\application/views/auth/login.php">
      <line num="8" type="stmt" count="0"/>
      <line num="11" type="stmt" count="0"/>
      <line num="13" type="stmt" count="0"/>
      <line num="16" type="stmt" count="0"/>
      <line num="18" type="stmt" count="0"/>
      <line num="21" type="stmt" count="0"/>
      <metrics loc="27" ncloc="27" classes="0" methods="0" coveredmethods="0" conditionals="0" coveredconditionals="0" statements="6" coveredstatements="0" elements="6" coveredelements="0"/>
    </file>
    <file name="C:\Users\Bastian Erler\Documents\workspace\CI_testing_tut\application/views/auth/reset_password.php">
      <line num="7" type="stmt" count="0"/>
      <line num="10" type="stmt" count="0"/>
      <line num="12" type="stmt" count="0"/>
      <line num="15" type="stmt" count="0"/>
      <metrics loc="21" ncloc="21" classes="0" methods="0" coveredmethods="0" conditionals="0" coveredconditionals="0" statements="4" coveredstatements="0" elements="4" coveredelements="0"/>
    </file>
    <file name="C:\Users\Bastian Erler\Documents\workspace\CI_testing_tut\application/views/news/create.php">
      <line num="13" type="stmt" count="1"/>
      <line num="21" type="stmt" count="1"/>
      <metrics loc="20" ncloc="14" classes="0" methods="0" coveredmethods="0" conditionals="0" coveredconditionals="0" statements="1" coveredstatements="1" elements="1" coveredelements="1"/>
    </file>
    <file name="C:\Users\Bastian Erler\Documents\workspace\CI_testing_tut\application/views/news/index.php">
      <line num="17" type="stmt" count="2"/>
      <metrics loc="22" ncloc="16" classes="0" methods="0" coveredmethods="0" conditionals="0" coveredconditionals="0" statements="1" coveredstatements="1" elements="1" coveredelements="1"/>
    </file>
    <file name="C:\Users\Bastian Erler\Documents\workspace\CI_testing_tut\application/views/news/success.php">
      <line num="9" type="stmt" count="1"/>
      <metrics loc="9" ncloc="3" classes="0" methods="0" coveredmethods="0" conditionals="0" coveredconditionals="0" statements="1" coveredstatements="1" elements="1" coveredelements="1"/>
    </file>
    <file name="C:\Users\Bastian Erler\Documents\workspace\CI_testing_tut\application/views/news/view.php">
      <line num="9" type="stmt" count="1"/>
      <line num="10" type="stmt" count="1"/>
      <metrics loc="9" ncloc="3" classes="0" methods="0" coveredmethods="0" conditionals="0" coveredconditionals="0" statements="1" coveredstatements="1" elements="1" coveredelements="1"/>
    </file>
    <file name="C:\Users\Bastian Erler\Documents\workspace\CI_testing_tut\application/views/pages/about.php">
      <line num="9" type="stmt" count="1"/>
      <metrics loc="11" ncloc="5" classes="0" methods="0" coveredmethods="0" conditionals="0" coveredconditionals="0" statements="1" coveredstatements="1" elements="1" coveredelements="1"/>
    </file>
    <file name="C:\Users\Bastian Erler\Documents\workspace\CI_testing_tut\application/views/pages/home.php">
      <line num="9" type="stmt" count="1"/>
      <metrics loc="11" ncloc="5" classes="0" methods="0" coveredmethods="0" conditionals="0" coveredconditionals="0" statements="1" coveredstatements="1" elements="1" coveredelements="1"/>
    </file>
    <file name="C:\Users\Bastian Erler\Documents\workspace\CI_testing_tut\application/views/templates/footer.php">
      <line num="9" type="stmt" count="6"/>
      <metrics loc="11" ncloc="5" classes="0" methods="0" coveredmethods="0" conditionals="0" coveredconditionals="0" statements="1" coveredstatements="1" elements="1" coveredelements="1"/>
    </file>
    <file name="C:\Users\Bastian Erler\Documents\workspace\CI_testing_tut\application/views/templates/header.php">
      <line num="9" type="stmt" count="6"/>
      <metrics loc="15" ncloc="9" classes="0" methods="0" coveredmethods="0" conditionals="0" coveredconditionals="0" statements="1" coveredstatements="1" elements="1" coveredelements="1"/>
    </file>
    <file name="C:\Users\Bastian Erler\Documents\workspace\CI_testing_tut\application/views/welcome_message.php">
      <line num="89" type="stmt" count="1"/>
      <metrics loc="88" ncloc="88" classes="0" methods="0" coveredmethods="0" conditionals="0" coveredconditionals="0" statements="0" coveredstatements="0" elements="0" coveredelements="0"/>
    </file>
    <metrics files="31" loc="4592" ncloc="3442" classes="9" methods="116" coveredmethods="16" conditionals="0" coveredconditionals="0" statements="1569" coveredstatements="171" elements="1685" coveredelements="187"/>
  </project>
</coverage>
